c:\users\hp\source\repos\ysalast\ysalast\debug\vc141.pdb
c:\users\hp\source\repos\ysalast\ysalast\debug\myform.obj
c:\users\hp\source\repos\ysalast\ysalast\debug\methods.obj
c:\users\hp\source\repos\ysalast\ysalast\debug\.netframework,versıon=v4.6.1.assemblyattrıbutes.obj
c:\users\hp\source\repos\ysalast\ysalast\debug\.netframework,versıon=v4.6.1.assemblyattrıbutes.asm
c:\users\hp\source\repos\ysalast\debug\ysalast.exe
c:\users\hp\source\repos\ysalast\debug\ysalast.pdb
c:\users\hp\source\repos\ysalast\ysalast\debug\ysalast.tlog\metagen.wrıte.1.tlog
c:\users\hp\source\repos\ysalast\ysalast\debug\ysalast.myform.resources
c:\users\hp\source\repos\ysalast\ysalast\debug\ysalast.vcxproj.generateresource.cache
c:\users\hp\source\repos\ysalast\ysalast\debug\ysalast.vcxprojresolveassemblyreference.cache
c:\users\hp\source\repos\ysalast\ysalast\debug\.netframework,version=v4.6.1.assemblyattributes.obj
c:\users\hp\source\repos\ysalast\ysalast\debug\ysalast.tlog\cl.command.1.tlog
c:\users\hp\source\repos\ysalast\ysalast\debug\ysalast.tlog\cl.read.1.tlog
c:\users\hp\source\repos\ysalast\ysalast\debug\ysalast.tlog\cl.write.1.tlog
c:\users\hp\source\repos\ysalast\ysalast\debug\ysalast.tlog\link.command.1.tlog
c:\users\hp\source\repos\ysalast\ysalast\debug\ysalast.tlog\link.read.1.tlog
c:\users\hp\source\repos\ysalast\ysalast\debug\ysalast.tlog\link.write.1.tlog
c:\users\hp\source\repos\ysalast\ysalast\debug\ysalast.tlog\metagen.read.1.tlog
c:\users\hp\source\repos\ysalast\ysalast\debug\ysalast.tlog\metagen.write.1.tlog
c:\users\hp\source\repos\ysalast\ysalast\debug\ysalast.tlog\ysalast.write.1u.tlog
c:\users\hp\source\repos\ysalast\ysalast\debug\ysalast.tlog\mscorlıb.dll.metagen
c:\users\hp\source\repos\ysalast\ysalast\debug\ysalast.tlog\system.data.dll.metagen
c:\users\hp\source\repos\ysalast\ysalast\debug\ysalast.tlog\system.dll.metagen
c:\users\hp\source\repos\ysalast\ysalast\debug\ysalast.tlog\system.drawıng.dll.metagen
c:\users\hp\source\repos\ysalast\ysalast\debug\ysalast.tlog\system.wındows.forms.dll.metagen
c:\users\hp\source\repos\ysalast\ysalast\debug\ysalast.tlog\system.xml.dll.metagen
c:\users\hp\source\repos\ysalast\ysalast\debug\ysalast.tlog\clr.dll.bi
c:\users\hp\source\repos\ysalast\ysalast\debug\ysalast.tlog\cluı.dll.bi
c:\users\hp\source\repos\ysalast\ysalast\debug\ysalast.tlog\mscorwks.dll.bi
c:\users\hp\source\repos\ysalast\ysalast\debug\ysalast.tlog\rsaenh.dll.bi
c:\users\hp\source\repos\ysalast\ysalast\debug\ysalast.tlog\tzres.dll.bi
